mode: set
github.com/Soup666/diss-api/main.go:20.13,30.16 6 0
github.com/Soup666/diss-api/main.go:30.16,32.3 1 0
github.com/Soup666/diss-api/main.go:35.2,36.16 2 0
github.com/Soup666/diss-api/main.go:36.16,38.3 1 0
github.com/Soup666/diss-api/main.go:40.2,59.16 13 0
github.com/Soup666/diss-api/database/database.go:12.47,15.16 3 0
github.com/Soup666/diss-api/database/database.go:15.16,17.3 1 0
github.com/Soup666/diss-api/controller/auth_controller.go:19.108,21.2 1 0
github.com/Soup666/diss-api/controller/auth_controller.go:23.51,25.28 1 0
github.com/Soup666/diss-api/controller/auth_controller.go:26.23,29.14 2 0
github.com/Soup666/diss-api/controller/auth_controller.go:29.14,32.4 2 0
github.com/Soup666/diss-api/controller/auth_controller.go:35.3,36.17 2 0
github.com/Soup666/diss-api/controller/auth_controller.go:36.17,39.4 2 0
github.com/Soup666/diss-api/controller/auth_controller.go:42.3,42.37 1 0
github.com/Soup666/diss-api/controller/auth_controller.go:44.24,48.57 3 0
github.com/Soup666/diss-api/controller/auth_controller.go:48.57,51.4 2 0
github.com/Soup666/diss-api/controller/auth_controller.go:54.3,58.17 3 0
github.com/Soup666/diss-api/controller/auth_controller.go:58.17,61.4 2 0
github.com/Soup666/diss-api/controller/auth_controller.go:63.3,63.37 1 0
github.com/Soup666/diss-api/controller/auth_controller.go:64.10,66.9 2 0
github.com/Soup666/diss-api/controller/object_controller.go:14.46,16.2 1 0
github.com/Soup666/diss-api/controller/object_controller.go:18.56,26.53 4 0
github.com/Soup666/diss-api/controller/object_controller.go:26.53,29.3 2 0
github.com/Soup666/diss-api/controller/object_controller.go:32.2,32.20 1 0
github.com/Soup666/diss-api/controller/task_controller.go:25.114,27.2 1 0
github.com/Soup666/diss-api/controller/task_controller.go:29.53,35.16 4 0
github.com/Soup666/diss-api/controller/task_controller.go:35.16,38.3 2 0
github.com/Soup666/diss-api/controller/task_controller.go:40.2,40.96 1 0
github.com/Soup666/diss-api/controller/task_controller.go:40.96,43.3 2 0
github.com/Soup666/diss-api/controller/task_controller.go:45.2,45.38 1 0
github.com/Soup666/diss-api/controller/task_controller.go:48.52,53.16 3 0
github.com/Soup666/diss-api/controller/task_controller.go:53.16,56.3 2 0
github.com/Soup666/diss-api/controller/task_controller.go:58.2,59.16 2 0
github.com/Soup666/diss-api/controller/task_controller.go:59.16,62.3 2 0
github.com/Soup666/diss-api/controller/task_controller.go:64.2,64.108 1 0
github.com/Soup666/diss-api/controller/task_controller.go:64.108,67.3 2 0
github.com/Soup666/diss-api/controller/task_controller.go:70.2,71.111 2 0
github.com/Soup666/diss-api/controller/task_controller.go:71.111,72.45 1 0
github.com/Soup666/diss-api/controller/task_controller.go:72.45,74.4 1 0
github.com/Soup666/diss-api/controller/task_controller.go:74.9,77.4 2 0
github.com/Soup666/diss-api/controller/task_controller.go:78.8,80.3 1 0
github.com/Soup666/diss-api/controller/task_controller.go:82.2,82.36 1 0
github.com/Soup666/diss-api/controller/task_controller.go:85.55,94.54 3 0
github.com/Soup666/diss-api/controller/task_controller.go:94.54,97.3 2 0
github.com/Soup666/diss-api/controller/task_controller.go:99.2,99.56 1 0
github.com/Soup666/diss-api/controller/task_controller.go:99.56,102.3 2 0
github.com/Soup666/diss-api/controller/task_controller.go:104.2,112.16 2 0
github.com/Soup666/diss-api/controller/task_controller.go:112.16,115.3 2 0
github.com/Soup666/diss-api/controller/task_controller.go:117.2,117.36 1 0
github.com/Soup666/diss-api/controller/task_controller.go:120.61,125.16 3 0
github.com/Soup666/diss-api/controller/task_controller.go:125.16,128.3 2 0
github.com/Soup666/diss-api/controller/task_controller.go:131.2,132.63 2 0
github.com/Soup666/diss-api/controller/task_controller.go:132.63,135.3 2 0
github.com/Soup666/diss-api/controller/task_controller.go:138.2,139.16 2 0
github.com/Soup666/diss-api/controller/task_controller.go:139.16,142.3 2 0
github.com/Soup666/diss-api/controller/task_controller.go:143.2,144.21 2 0
github.com/Soup666/diss-api/controller/task_controller.go:144.21,147.3 2 0
github.com/Soup666/diss-api/controller/task_controller.go:149.2,153.33 4 0
github.com/Soup666/diss-api/controller/task_controller.go:153.33,161.62 4 0
github.com/Soup666/diss-api/controller/task_controller.go:161.62,164.4 2 0
github.com/Soup666/diss-api/controller/task_controller.go:167.3,174.49 3 0
github.com/Soup666/diss-api/controller/task_controller.go:177.2,180.4 1 0
github.com/Soup666/diss-api/controller/task_controller.go:183.57,187.16 3 0
github.com/Soup666/diss-api/controller/task_controller.go:187.16,190.3 2 0
github.com/Soup666/diss-api/controller/task_controller.go:192.2,193.16 2 0
github.com/Soup666/diss-api/controller/task_controller.go:193.16,196.3 2 0
github.com/Soup666/diss-api/controller/task_controller.go:197.2,198.53 2 0
github.com/Soup666/diss-api/controller/task_controller.go:198.53,201.3 2 0
github.com/Soup666/diss-api/controller/task_controller.go:204.2,218.12 9 0
github.com/Soup666/diss-api/controller/task_controller.go:218.12,223.37 3 0
github.com/Soup666/diss-api/controller/task_controller.go:223.37,226.4 2 0
github.com/Soup666/diss-api/controller/task_controller.go:229.3,229.36 1 0
github.com/Soup666/diss-api/controller/task_controller.go:229.36,232.4 2 0
github.com/Soup666/diss-api/controller/task_controller.go:234.3,236.59 3 0
github.com/Soup666/diss-api/controller/task_controller.go:236.59,239.4 2 0
github.com/Soup666/diss-api/controller/task_controller.go:241.3,251.13 8 0
github.com/Soup666/diss-api/controller/task_controller.go:251.13,256.38 3 0
github.com/Soup666/diss-api/controller/task_controller.go:256.38,259.5 2 0
github.com/Soup666/diss-api/controller/task_controller.go:262.4,262.37 1 0
github.com/Soup666/diss-api/controller/task_controller.go:262.37,265.5 2 0
github.com/Soup666/diss-api/controller/task_controller.go:267.4,275.18 3 0
github.com/Soup666/diss-api/controller/task_controller.go:275.18,278.5 2 0
github.com/Soup666/diss-api/controller/task_controller.go:280.4,283.60 3 0
github.com/Soup666/diss-api/controller/task_controller.go:283.60,286.5 2 0
github.com/Soup666/diss-api/controller/task_controller.go:288.4,288.45 1 0
github.com/Soup666/diss-api/controller/task_controller.go:293.2,293.69 1 0
github.com/Soup666/diss-api/controller/upload_controller.go:20.46,22.2 1 0
github.com/Soup666/diss-api/controller/upload_controller.go:24.57,27.16 2 0
github.com/Soup666/diss-api/controller/upload_controller.go:27.16,30.3 2 0
github.com/Soup666/diss-api/controller/upload_controller.go:31.2,36.16 4 0
github.com/Soup666/diss-api/controller/upload_controller.go:36.16,39.3 2 0
github.com/Soup666/diss-api/controller/upload_controller.go:40.2,43.16 3 0
github.com/Soup666/diss-api/controller/upload_controller.go:43.16,46.3 2 0
github.com/Soup666/diss-api/controller/upload_controller.go:49.2,55.89 3 0
github.com/Soup666/diss-api/controller/upload_controller.go:58.54,66.53 4 0
github.com/Soup666/diss-api/controller/upload_controller.go:66.53,69.3 2 0
github.com/Soup666/diss-api/controller/upload_controller.go:72.2,72.20 1 0
github.com/Soup666/diss-api/controller/upload_controller.go:75.56,82.53 3 0
github.com/Soup666/diss-api/controller/upload_controller.go:82.53,85.3 2 0
github.com/Soup666/diss-api/controller/upload_controller.go:88.2,88.20 1 0
github.com/Soup666/diss-api/utils/gen.go:33.13,45.16 5 0
github.com/Soup666/diss-api/utils/gen.go:45.16,46.13 1 0
github.com/Soup666/diss-api/utils/gen.go:48.2,57.13 3 0
github.com/Soup666/diss-api/repository/app_file_repository_impl.go:13.58,15.2 1 0
github.com/Soup666/diss-api/repository/app_file_repository_impl.go:17.96,18.57 1 0
github.com/Soup666/diss-api/repository/app_file_repository_impl.go:18.57,20.3 1 0
github.com/Soup666/diss-api/repository/app_file_repository_impl.go:21.2,21.21 1 0
github.com/Soup666/diss-api/repository/task_repository_impl.go:13.52,15.2 1 0
github.com/Soup666/diss-api/repository/task_repository_impl.go:17.84,20.84 2 0
github.com/Soup666/diss-api/repository/task_repository_impl.go:20.84,22.3 1 0
github.com/Soup666/diss-api/repository/task_repository_impl.go:23.2,23.19 1 0
github.com/Soup666/diss-api/repository/task_repository_impl.go:26.80,28.79 2 0
github.com/Soup666/diss-api/repository/task_repository_impl.go:28.79,30.3 1 0
github.com/Soup666/diss-api/repository/task_repository_impl.go:31.2,31.19 1 0
github.com/Soup666/diss-api/repository/task_repository_impl.go:35.69,36.55 1 0
github.com/Soup666/diss-api/repository/task_repository_impl.go:36.55,38.3 1 0
github.com/Soup666/diss-api/repository/task_repository_impl.go:39.2,39.12 1 0
github.com/Soup666/diss-api/repository/task_repository_impl.go:42.67,43.53 1 0
github.com/Soup666/diss-api/repository/task_repository_impl.go:43.53,45.3 1 0
github.com/Soup666/diss-api/repository/task_repository_impl.go:46.2,46.12 1 0
github.com/Soup666/diss-api/repository/task_repository_impl.go:49.70,50.55 1 0
github.com/Soup666/diss-api/repository/task_repository_impl.go:50.55,52.3 1 0
github.com/Soup666/diss-api/repository/task_repository_impl.go:53.2,53.12 1 0
github.com/Soup666/diss-api/repository/user_repository_impl.go:13.52,15.2 1 0
github.com/Soup666/diss-api/repository/user_repository_impl.go:17.93,19.89 2 0
github.com/Soup666/diss-api/repository/user_repository_impl.go:19.89,20.36 1 0
github.com/Soup666/diss-api/repository/user_repository_impl.go:20.36,22.4 1 0
github.com/Soup666/diss-api/repository/user_repository_impl.go:23.3,23.18 1 0
github.com/Soup666/diss-api/repository/user_repository_impl.go:25.2,25.19 1 0
github.com/Soup666/diss-api/repository/user_repository_impl.go:28.65,30.2 1 0
github.com/Soup666/diss-api/repository/user_repository_impl.go:32.69,34.2 1 0
github.com/Soup666/diss-api/seeds/files.go:8.95,10.2 1 0
github.com/Soup666/diss-api/seeds/files.go:38.42,39.37 1 0
github.com/Soup666/diss-api/seeds/files.go:39.37,40.87 1 0
github.com/Soup666/diss-api/seeds/files.go:40.87,42.4 1 0
github.com/Soup666/diss-api/seeds/files.go:44.2,44.12 1 0
github.com/Soup666/diss-api/seeds/seeds.go:8.24,12.33 1 0
github.com/Soup666/diss-api/seeds/seeds.go:12.33,14.5 1 0
github.com/Soup666/diss-api/seeds/seeds.go:18.33,20.5 1 0
github.com/Soup666/diss-api/seeds/seeds.go:24.33,26.5 1 0
github.com/Soup666/diss-api/seeds/tasks.go:8.99,17.2 1 0
github.com/Soup666/diss-api/seeds/users.go:8.70,10.2 1 0
github.com/Soup666/diss-api/router/router.go:17.15,45.2 15 0
github.com/Soup666/diss-api/seeder/seeder.go:13.13,15.16 2 0
github.com/Soup666/diss-api/seeder/seeder.go:15.16,17.3 1 0
github.com/Soup666/diss-api/seeder/seeder.go:19.2,19.35 1 0
github.com/Soup666/diss-api/seeder/seeder.go:19.35,21.38 2 0
github.com/Soup666/diss-api/seeder/seeder.go:21.38,23.4 1 0
github.com/Soup666/diss-api/seeder/seeder.go:26.2,26.47 1 0
github.com/Soup666/diss-api/model/task_status.go:14.53,17.2 2 0
github.com/Soup666/diss-api/model/task_status.go:19.52,21.2 1 0
github.com/Soup666/diss-api/services/app_file_service_impl.go:12.92,14.2 1 0
github.com/Soup666/diss-api/services/app_file_service_impl.go:16.85,18.16 2 0
github.com/Soup666/diss-api/services/app_file_service_impl.go:18.16,20.3 1 0
github.com/Soup666/diss-api/services/app_file_service_impl.go:21.2,21.21 1 0
github.com/Soup666/diss-api/services/auth_service_impl.go:19.112,21.2 1 0
github.com/Soup666/diss-api/services/auth_service_impl.go:23.76,24.17 1 0
github.com/Soup666/diss-api/services/auth_service_impl.go:24.17,26.3 1 0
github.com/Soup666/diss-api/services/auth_service_impl.go:28.2,29.16 2 0
github.com/Soup666/diss-api/services/auth_service_impl.go:29.16,31.3 1 0
github.com/Soup666/diss-api/services/auth_service_impl.go:32.2,32.23 1 0
github.com/Soup666/diss-api/services/auth_service_impl.go:35.69,39.50 2 0
github.com/Soup666/diss-api/services/auth_service_impl.go:39.50,47.17 3 0
github.com/Soup666/diss-api/services/auth_service_impl.go:47.17,49.4 1 0
github.com/Soup666/diss-api/services/auth_service_impl.go:51.3,51.19 1 0
github.com/Soup666/diss-api/services/auth_service_impl.go:52.8,52.23 1 0
github.com/Soup666/diss-api/services/auth_service_impl.go:52.23,54.3 1 0
github.com/Soup666/diss-api/services/auth_service_impl.go:56.2,56.18 1 0
github.com/Soup666/diss-api/services/mock_auth_service.go:15.76,18.24 2 0
github.com/Soup666/diss-api/services/mock_auth_service.go:18.24,20.3 1 0
github.com/Soup666/diss-api/services/mock_auth_service.go:21.2,21.27 1 0
github.com/Soup666/diss-api/services/mock_auth_service.go:25.70,28.24 2 0
github.com/Soup666/diss-api/services/mock_auth_service.go:28.24,30.3 1 0
github.com/Soup666/diss-api/services/mock_auth_service.go:31.2,31.27 1 0
github.com/Soup666/diss-api/services/task_service_impl.go:12.76,14.2 1 0
github.com/Soup666/diss-api/services/task_service_impl.go:16.79,18.16 2 0
github.com/Soup666/diss-api/services/task_service_impl.go:18.16,20.3 1 0
github.com/Soup666/diss-api/services/task_service_impl.go:21.2,21.18 1 0
github.com/Soup666/diss-api/services/task_service_impl.go:24.70,26.16 2 0
github.com/Soup666/diss-api/services/task_service_impl.go:26.16,28.3 1 0
github.com/Soup666/diss-api/services/task_service_impl.go:29.2,29.18 1 0
github.com/Soup666/diss-api/services/task_service_impl.go:32.72,36.16 2 0
github.com/Soup666/diss-api/services/task_service_impl.go:36.16,38.3 1 0
github.com/Soup666/diss-api/services/task_service_impl.go:39.2,39.19 1 0
github.com/Soup666/diss-api/services/task_service_impl.go:43.79,47.16 2 0
github.com/Soup666/diss-api/services/task_service_impl.go:47.16,49.3 1 0
github.com/Soup666/diss-api/services/task_service_impl.go:50.2,50.18 1 0
github.com/Soup666/diss-api/services/task_service_impl.go:53.58,57.16 2 0
github.com/Soup666/diss-api/services/task_service_impl.go:57.16,59.3 1 0
github.com/Soup666/diss-api/services/task_service_impl.go:61.2,63.16 2 0
github.com/Soup666/diss-api/services/task_service_impl.go:63.16,65.3 1 0
github.com/Soup666/diss-api/services/task_service_impl.go:66.2,66.12 1 0
github.com/Soup666/diss-api/services/task_service_impl.go:69.61,72.16 2 0
github.com/Soup666/diss-api/services/task_service_impl.go:72.16,74.3 1 0
github.com/Soup666/diss-api/services/task_service_impl.go:75.2,75.12 1 0
github.com/Soup666/diss-api/services/task_service_impl.go:78.65,81.16 2 0
github.com/Soup666/diss-api/services/task_service_impl.go:81.16,83.3 1 0
github.com/Soup666/diss-api/services/task_service_impl.go:84.2,84.12 1 0
github.com/Soup666/diss-api/services/user_service_impl.go:14.76,16.2 1 0
github.com/Soup666/diss-api/services/user_service_impl.go:18.87,20.18 1 0
github.com/Soup666/diss-api/services/user_service_impl.go:20.18,22.3 1 0
github.com/Soup666/diss-api/services/user_service_impl.go:24.2,25.16 2 0
github.com/Soup666/diss-api/services/user_service_impl.go:25.16,27.3 1 0
github.com/Soup666/diss-api/services/user_service_impl.go:29.2,29.17 1 0
github.com/Soup666/diss-api/services/user_service_impl.go:29.17,31.3 1 0
github.com/Soup666/diss-api/services/user_service_impl.go:32.2,32.18 1 0
github.com/Soup666/diss-api/services/user_service_impl.go:35.63,37.2 1 0
github.com/Soup666/diss-api/database/database.go:12.47,15.16 3 0
github.com/Soup666/diss-api/database/database.go:15.16,17.3 1 0
github.com/Soup666/diss-api/middleware/authenticate_middleware.go:12.71,13.30 1 1
github.com/Soup666/diss-api/middleware/authenticate_middleware.go:13.30,18.48 2 1
github.com/Soup666/diss-api/middleware/authenticate_middleware.go:18.48,22.4 3 1
github.com/Soup666/diss-api/middleware/authenticate_middleware.go:25.3,29.17 3 1
github.com/Soup666/diss-api/middleware/authenticate_middleware.go:29.17,33.4 3 1
github.com/Soup666/diss-api/middleware/authenticate_middleware.go:35.3,37.17 2 1
github.com/Soup666/diss-api/middleware/authenticate_middleware.go:37.17,41.4 3 1
github.com/Soup666/diss-api/middleware/authenticate_middleware.go:44.3,46.11 3 1
github.com/Soup666/diss-api/middleware/cors_middleware.go:5.39,6.30 1 0
github.com/Soup666/diss-api/middleware/cors_middleware.go:6.30,12.36 5 0
github.com/Soup666/diss-api/middleware/cors_middleware.go:12.36,15.4 2 0
github.com/Soup666/diss-api/middleware/cors_middleware.go:17.3,17.11 1 0
github.com/Soup666/diss-api/model/task_status.go:14.53,17.2 2 0
github.com/Soup666/diss-api/model/task_status.go:19.52,21.2 1 0
github.com/Soup666/diss-api/repository/app_file_repository_impl.go:13.58,15.2 1 0
github.com/Soup666/diss-api/repository/app_file_repository_impl.go:17.96,18.57 1 0
github.com/Soup666/diss-api/repository/app_file_repository_impl.go:18.57,20.3 1 0
github.com/Soup666/diss-api/repository/app_file_repository_impl.go:21.2,21.21 1 0
github.com/Soup666/diss-api/repository/task_repository_impl.go:13.52,15.2 1 0
github.com/Soup666/diss-api/repository/task_repository_impl.go:17.84,20.84 2 0
github.com/Soup666/diss-api/repository/task_repository_impl.go:20.84,22.3 1 0
github.com/Soup666/diss-api/repository/task_repository_impl.go:23.2,23.19 1 0
github.com/Soup666/diss-api/repository/task_repository_impl.go:26.80,28.79 2 0
github.com/Soup666/diss-api/repository/task_repository_impl.go:28.79,30.3 1 0
github.com/Soup666/diss-api/repository/task_repository_impl.go:31.2,31.19 1 0
github.com/Soup666/diss-api/repository/task_repository_impl.go:35.69,36.55 1 0
github.com/Soup666/diss-api/repository/task_repository_impl.go:36.55,38.3 1 0
github.com/Soup666/diss-api/repository/task_repository_impl.go:39.2,39.12 1 0
github.com/Soup666/diss-api/repository/task_repository_impl.go:42.67,43.53 1 0
github.com/Soup666/diss-api/repository/task_repository_impl.go:43.53,45.3 1 0
github.com/Soup666/diss-api/repository/task_repository_impl.go:46.2,46.12 1 0
github.com/Soup666/diss-api/repository/task_repository_impl.go:49.70,50.55 1 0
github.com/Soup666/diss-api/repository/task_repository_impl.go:50.55,52.3 1 0
github.com/Soup666/diss-api/repository/task_repository_impl.go:53.2,53.12 1 0
github.com/Soup666/diss-api/repository/user_repository_impl.go:13.52,15.2 1 0
github.com/Soup666/diss-api/repository/user_repository_impl.go:17.93,19.89 2 0
github.com/Soup666/diss-api/repository/user_repository_impl.go:19.89,20.36 1 0
github.com/Soup666/diss-api/repository/user_repository_impl.go:20.36,22.4 1 0
github.com/Soup666/diss-api/repository/user_repository_impl.go:23.3,23.18 1 0
github.com/Soup666/diss-api/repository/user_repository_impl.go:25.2,25.19 1 0
github.com/Soup666/diss-api/repository/user_repository_impl.go:28.65,30.2 1 0
github.com/Soup666/diss-api/repository/user_repository_impl.go:32.69,34.2 1 0
github.com/Soup666/diss-api/services/app_file_service_impl.go:12.92,14.2 1 0
github.com/Soup666/diss-api/services/app_file_service_impl.go:16.85,18.16 2 0
github.com/Soup666/diss-api/services/app_file_service_impl.go:18.16,20.3 1 0
github.com/Soup666/diss-api/services/app_file_service_impl.go:21.2,21.21 1 0
github.com/Soup666/diss-api/services/auth_service_impl.go:19.112,21.2 1 0
github.com/Soup666/diss-api/services/auth_service_impl.go:23.76,24.17 1 0
github.com/Soup666/diss-api/services/auth_service_impl.go:24.17,26.3 1 0
github.com/Soup666/diss-api/services/auth_service_impl.go:28.2,29.16 2 0
github.com/Soup666/diss-api/services/auth_service_impl.go:29.16,31.3 1 0
github.com/Soup666/diss-api/services/auth_service_impl.go:32.2,32.23 1 0
github.com/Soup666/diss-api/services/auth_service_impl.go:35.69,39.50 2 0
github.com/Soup666/diss-api/services/auth_service_impl.go:39.50,47.17 3 0
github.com/Soup666/diss-api/services/auth_service_impl.go:47.17,49.4 1 0
github.com/Soup666/diss-api/services/auth_service_impl.go:51.3,51.19 1 0
github.com/Soup666/diss-api/services/auth_service_impl.go:52.8,52.23 1 0
github.com/Soup666/diss-api/services/auth_service_impl.go:52.23,54.3 1 0
github.com/Soup666/diss-api/services/auth_service_impl.go:56.2,56.18 1 0
github.com/Soup666/diss-api/services/mock_auth_service.go:15.76,18.24 2 1
github.com/Soup666/diss-api/services/mock_auth_service.go:18.24,20.3 1 1
github.com/Soup666/diss-api/services/mock_auth_service.go:21.2,21.27 1 1
github.com/Soup666/diss-api/services/mock_auth_service.go:25.70,28.24 2 1
github.com/Soup666/diss-api/services/mock_auth_service.go:28.24,30.3 1 1
github.com/Soup666/diss-api/services/mock_auth_service.go:31.2,31.27 1 1
github.com/Soup666/diss-api/services/task_service_impl.go:12.76,14.2 1 0
github.com/Soup666/diss-api/services/task_service_impl.go:16.79,18.16 2 0
github.com/Soup666/diss-api/services/task_service_impl.go:18.16,20.3 1 0
github.com/Soup666/diss-api/services/task_service_impl.go:21.2,21.18 1 0
github.com/Soup666/diss-api/services/task_service_impl.go:24.70,26.16 2 0
github.com/Soup666/diss-api/services/task_service_impl.go:26.16,28.3 1 0
github.com/Soup666/diss-api/services/task_service_impl.go:29.2,29.18 1 0
github.com/Soup666/diss-api/services/task_service_impl.go:32.72,36.16 2 0
github.com/Soup666/diss-api/services/task_service_impl.go:36.16,38.3 1 0
github.com/Soup666/diss-api/services/task_service_impl.go:39.2,39.19 1 0
github.com/Soup666/diss-api/services/task_service_impl.go:43.79,47.16 2 0
github.com/Soup666/diss-api/services/task_service_impl.go:47.16,49.3 1 0
github.com/Soup666/diss-api/services/task_service_impl.go:50.2,50.18 1 0
github.com/Soup666/diss-api/services/task_service_impl.go:53.58,57.16 2 0
github.com/Soup666/diss-api/services/task_service_impl.go:57.16,59.3 1 0
github.com/Soup666/diss-api/services/task_service_impl.go:61.2,63.16 2 0
github.com/Soup666/diss-api/services/task_service_impl.go:63.16,65.3 1 0
github.com/Soup666/diss-api/services/task_service_impl.go:66.2,66.12 1 0
github.com/Soup666/diss-api/services/task_service_impl.go:69.61,72.16 2 0
github.com/Soup666/diss-api/services/task_service_impl.go:72.16,74.3 1 0
github.com/Soup666/diss-api/services/task_service_impl.go:75.2,75.12 1 0
github.com/Soup666/diss-api/services/task_service_impl.go:78.65,81.16 2 0
github.com/Soup666/diss-api/services/task_service_impl.go:81.16,83.3 1 0
github.com/Soup666/diss-api/services/task_service_impl.go:84.2,84.12 1 0
github.com/Soup666/diss-api/services/user_service_impl.go:14.76,16.2 1 0
github.com/Soup666/diss-api/services/user_service_impl.go:18.87,20.18 1 0
github.com/Soup666/diss-api/services/user_service_impl.go:20.18,22.3 1 0
github.com/Soup666/diss-api/services/user_service_impl.go:24.2,25.16 2 0
github.com/Soup666/diss-api/services/user_service_impl.go:25.16,27.3 1 0
github.com/Soup666/diss-api/services/user_service_impl.go:29.2,29.17 1 0
github.com/Soup666/diss-api/services/user_service_impl.go:29.17,31.3 1 0
github.com/Soup666/diss-api/services/user_service_impl.go:32.2,32.18 1 0
github.com/Soup666/diss-api/services/user_service_impl.go:35.63,37.2 1 0
